Le 17/4/2021 à 14:31:16:619 [::1] [POST] http://localhost:3000/api/auth/login [200-OK]
Le 17/4/2021 à 14:31:16:683 [::1] [GET] http://localhost:3000/api/sauces [304-Not Modified]
Le 17/4/2021 à 14:31:46:518 [::1] [POST] http://localhost:3000/api/sauces [201-Created]
Le 17/4/2021 à 14:31:46:577 [::1] [GET] http://localhost:3000/api/sauces [200-OK]
Le 17/4/2021 à 14:31:46:586 [::1] [GET] http://localhost:3000/images/oldelapaso.jpg1621254706400.jpg [200-OK]
Le 17/4/2021 à 14:31:47:489 [::1] [GET] http://localhost:3000/api/sauces/60a26232fe7ffa1fa42f79e5 [200-OK]
Le 17/4/2021 à 14:31:53:554 [::1] [GET] http://localhost:3000/api/sauces/60a26232fe7ffa1fa42f79e5 [304-Not Modified]
Le 17/4/2021 à 14:32:7:772 [::1] [GET] http://localhost:3000/api/sauces [304-Not Modified]
Le 17/4/2021 à 14:37:33:745 [::1] [GET] http://localhost:3000/api/sauces/60a26232fe7ffa1fa42f79e5 [304-Not Modified]
Le 17/4/2021 à 14:43:42:128 [::1] [POST] http://localhost:3000/api/auth/login [200-OK]
Le 17/4/2021 à 14:43:42:214 [::1] [GET] http://localhost:3000/api/sauces [304-Not Modified]
Le 17/4/2021 à 14:45:56:391 [::1] [POST] http://localhost:3000/api/auth/login [200-OK]
Le 17/4/2021 à 14:45:56:464 [::1] [GET] http://localhost:3000/api/sauces [304-Not Modified]
Le 17/4/2021 à 14:45:57:103 [::1] [GET] http://localhost:3000/api/sauces/60a26232fe7ffa1fa42f79e5 [304-Not Modified]
Le 17/4/2021 à 19:48:28:831 [::1] [POST] http://localhost:3000/api/auth/login [200-OK]
Le 17/4/2021 à 19:48:28:906 [::1] [GET] http://localhost:3000/api/sauces [304-Not Modified]
Le 17/4/2021 à 22:44:29:262 [::1] [POST] http://localhost:3000/api/auth/login [200-OK]
Le 17/4/2021 à 22:44:29:333 [::1] [GET] http://localhost:3000/api/sauces [304-Not Modified]
Le 17/4/2021 à 22:44:30:563 [::1] [GET] http://localhost:3000/api/sauces/60a2ae3a0d325c2494b231d0 [304-Not Modified]
Le 17/4/2021 à 22:44:44:832 [::1] [GET] http://localhost:3000/api/sauces [304-Not Modified]
Le 17/4/2021 à 22:44:45:801 [::1] [GET] http://localhost:3000/api/sauces/60a2ae3a0d325c2494b231d0 [304-Not Modified]
Le 17/4/2021 à 22:45:15:441 [::1] [DELETE] http://localhost:3000/api/sauces/60a2ae3a0d325c2494b231d0 [200-OK]
Le 17/4/2021 à 22:45:15:523 [::1] [GET] http://localhost:3000/api/sauces [200-OK]
Le 17/4/2021 à 22:45:34:343 [::1] [POST] http://localhost:3000/api/sauces [201-Created]
Le 17/4/2021 à 22:45:34:413 [::1] [GET] http://localhost:3000/api/sauces [200-OK]
Le 17/4/2021 à 22:45:34:420 [::1] [GET] http://localhost:3000/images/oldelapaso.jpg1621284334265.jpg [200-OK]
Le 17/4/2021 à 22:45:37:654 [::1] [GET] http://localhost:3000/api/sauces/60a2d5ee66c3800910c38e5c [200-OK]
Le 17/4/2021 à 22:46:20:989 [::1] [POST] http://localhost:3000/api/sauces [201-Created]
Le 17/4/2021 à 22:46:21:54 [::1] [GET] http://localhost:3000/api/sauces [200-OK]
Le 17/4/2021 à 22:46:21:75 [::1] [GET] http://localhost:3000/images/piment.jpg1621284380854.jpg [200-OK]
Le 17/4/2021 à 22:46:22:31 [::1] [GET] http://localhost:3000/api/sauces/60a2d61c843cdb39d09ce6c2 [200-OK]
Le 17/4/2021 à 22:46:35:598 [::1] [POST] http://localhost:3000/api/sauces/60a2d61c843cdb39d09ce6c2/like [201-Created]
Le 17/4/2021 à 22:46:36:875 [::1] [GET] http://localhost:3000/api/sauces [200-OK]
Le 17/4/2021 à 22:46:37:391 [::1] [GET] http://localhost:3000/api/sauces/60a2d5ee66c3800910c38e5c [304-Not Modified]
Le 17/4/2021 à 22:46:38:547 [::1] [POST] http://localhost:3000/api/sauces/60a2d5ee66c3800910c38e5c/like [201-Created]
Le 17/4/2021 à 22:46:39:137 [::1] [GET] http://localhost:3000/api/sauces [200-OK]
Le 17/4/2021 à 22:46:40:974 [::1] [GET] http://localhost:3000/api/sauces/60a2d61c843cdb39d09ce6c2 [200-OK]
Le 17/4/2021 à 22:46:43:344 [::1] [GET] http://localhost:3000/api/sauces [304-Not Modified]
Le 17/4/2021 à 22:47:14:420 [::1] [GET] http://localhost:3000/api/sauces/60a2d5ee66c3800910c38e5c [200-OK]
Le 17/4/2021 à 22:47:28:806 [::1] [GET] http://localhost:3000/api/sauces/60a2d5ee66c3800910c38e5c [304-Not Modified]
Le 17/4/2021 à 22:47:35:481 [::1] [GET] http://localhost:3000/api/sauces [304-Not Modified]
Le 17/4/2021 à 22:47:36:298 [::1] [GET] http://localhost:3000/api/sauces/60a2d61c843cdb39d09ce6c2 [304-Not Modified]
Le 17/4/2021 à 22:47:37:362 [::1] [GET] http://localhost:3000/api/sauces/60a2d61c843cdb39d09ce6c2 [304-Not Modified]
Le 17/4/2021 à 22:47:53:583 [::1] [PUT] http://localhost:3000/api/sauces/60a2d61c843cdb39d09ce6c2 [201-Created]
Le 17/4/2021 à 22:47:53:645 [::1] [GET] http://localhost:3000/api/sauces [200-OK]
Le 17/4/2021 à 22:47:53:652 [::1] [GET] http://localhost:3000/images/i133645-.jpeg1621284473460.jpg [200-OK]
